android/app/build/outputs/logs/manifest-merger-dev19-debug-report.txt
-- Merging decision tree log ---
manifest
ADDED from src\main\AndroidManifest.xml:2:1-269:12
	package
		ADDED from src\main\AndroidManifest.xml:3:3-30
		INJECTED from src\main\AndroidManifest.xml
		INJECTED from src\main\AndroidManifest.xml
	android:versionName
		INJECTED from src\main\AndroidManifest.xml
		INJECTED from src\main\AndroidManifest.xml
	xmlns:tools
		ADDED from src\main\AndroidManifest.xml:5:3-49
	xmlns:android
		ADDED from src\main\AndroidManifest.xml:4:3-61
	android:versionCode
		INJECTED from src\main\AndroidManifest.xml
		INJECTED from src\main\AndroidManifest.xml
permission#com.dessanedev.nikki.permission.C2D_MESSAGE
ADDED from src\main\AndroidManifest.xml:7:3-9:42
MERGED from [com.google.firebase:firebase-iid:9.8.0] AndroidManifest.xml:24:5-109
	android:protectionLevel
		ADDED from src\main\AndroidManifest.xml:9:5-40
	android:name
		ADDED from src\main\AndroidManifest.xml:8:5-63
uses-permission#com.dessanedev.nikki.permission.C2D_MESSAGE
ADDED from src\main\AndroidManifest.xml:12:3-81
MERGED from [com.google.firebase:firebase-iid:9.8.0] AndroidManifest.xml:26:5-78
	android:name
		ADDED from src\main\AndroidManifest.xml:12:20-78
uses-permission#com.google.android.c2dm.permission.RECEIVE
ADDED from src\main\AndroidManifest.xml:13:3-80
MERGED from [com.google.firebase:firebase-iid:9.8.0] AndroidManifest.xml:22:5-81
MERGED from [com.google.android.gms:play-services-gcm:9.8.0] AndroidManifest.xml:20:5-81
MERGED from [com.google.android.gms:play-services-iid:9.8.0] AndroidManifest.xml:20:5-81
	android:name
		ADDED from src\main\AndroidManifest.xml:13:20-77
uses-permission#android.permission.ACCESS_NETWORK_STATE
ADDED from src\main\AndroidManifest.xml:14:3-77
MERGED from [com.google.firebase:firebase-analytics:9.8.0] AndroidManifest.xml:21:5-78
MERGED from [com.google.firebase:firebase-analytics-impl:9.8.0] AndroidManifest.xml:21:5-78
MERGED from [com.google.firebase:firebase-iid:9.8.0] AndroidManifest.xml:19:5-78
MERGED from [host.exp.exponent:expoview:25.0.0] AndroidManifest.xml:25:5-79
MERGED from [com.facebook.android:audience-network-sdk:4.26.1] AndroidManifest.xml:12:5-79
MERGED from [com.google.android.gms:play-services-analytics:9.8.0] AndroidManifest.xml:21:5-78
MERGED from [com.google.android.gms:play-services-analytics-impl:9.8.0] AndroidManifest.xml:21:5-78
MERGED from [com.google.android.gms:play-services-ads-lite:9.8.0] AndroidManifest.xml:20:5-78
MERGED from [com.google.android.gms:play-services-maps:9.8.0] AndroidManifest.xml:19:5-78
MERGED from [io.nlopez.smartlocation:library:3.2.11] AndroidManifest.xml:13:5-79
	android:name
		ADDED from src\main\AndroidManifest.xml:14:20-74
uses-permission#android.permission.INTERNET
ADDED from src\main\AndroidManifest.xml:15:3-65
MERGED from [com.google.firebase:firebase-crash:9.8.0] AndroidManifest.xml:18:5-66
MERGED from [com.google.android.gms:play-services-appinvite:9.8.0] AndroidManifest.xml:18:5-66
MERGED from [com.google.firebase:firebase-analytics:9.8.0] AndroidManifest.xml:20:5-66
MERGED from [com.google.firebase:firebase-analytics-impl:9.8.0] AndroidManifest.xml:20:5-66
MERGED from [com.google.firebase:firebase-iid:9.8.0] AndroidManifest.xml:20:5-66
MERGED from [android:react-native-firebase:unspecified] AndroidManifest.xml:11:5-67
MERGED from [host.exp.exponent:expoview:25.0.0] AndroidManifest.xml:19:5-67
MERGED from [com.crashlytics.sdk.android:crashlytics:2.5.5] AndroidManifest.xml:9:5-67
MERGED from [com.crashlytics.sdk.android:crashlytics-core:2.3.8] AndroidManifest.xml:9:5-67
MERGED from [com.crashlytics.sdk.android:answers:1.3.6] AndroidManifest.xml:9:5-67
MERGED from [io.fabric.sdk.android:fabric:1.3.10] AndroidManifest.xml:25:5-67
MERGED from [com.crashlytics.sdk.android:beta:1.1.4] AndroidManifest.xml:9:5-67
MERGED from [com.facebook.android:audience-network-sdk:4.26.1] AndroidManifest.xml:11:5-67
MERGED from [com.google.android.gms:play-services-gcm:9.8.0] AndroidManifest.xml:21:5-66
MERGED from [com.google.android.gms:play-services-iid:9.8.0] AndroidManifest.xml:21:5-66
MERGED from [com.google.android.gms:play-services-analytics:9.8.0] AndroidManifest.xml:20:5-66
MERGED from [com.google.android.gms:play-services-analytics-impl:9.8.0] AndroidManifest.xml:20:5-66
MERGED from [com.google.android.gms:play-services-ads-lite:9.8.0] AndroidManifest.xml:19:5-66
MERGED from [com.google.android.gms:play-services-maps:9.8.0] AndroidManifest.xml:20:5-66
MERGED from [net.openid:appauth:0.4.1] AndroidManifest.xml:24:5-67
	android:name
		ADDED from src\main\AndroidManifest.xml:15:20-62
uses-permission#android.permission.SYSTEM_ALERT_WINDOW
ADDED from src\main\AndroidManifest.xml:16:3-76
MERGED from [host.exp.exponent:expoview:25.0.0] AndroidManifest.xml:21:5-78
MERGED from [com.facebook.react:react-native:25.0.0] AndroidManifest.xml:11:5-78
MERGED from [host.exp:reactandroid-abi25_0_0:1.0.0] AndroidManifest.xml:11:5-78
MERGED from [host.exp:reactandroid-abi24_0_0:1.0.0] AndroidManifest.xml:11:5-78
MERGED from [host.exp:reactandroid-abi23:1.0.0] AndroidManifest.xml:11:5-78
MERGED from [host.exp:reactandroid-abi22:1.0.0] AndroidManifest.xml:11:5-78
MERGED from [host.exp:reactandroid-abi21:1.0.0] AndroidManifest.xml:11:5-78
MERGED from [host.exp:reactandroid-abi20:1.0.0] AndroidManifest.xml:11:5-78
MERGED from [host.exp:reactandroid-abi19:1.0.0] AndroidManifest.xml:11:5-78
	android:name
		ADDED from src\main\AndroidManifest.xml:16:20-73
uses-permission#android.permission.WAKE_LOCK
ADDED from src\main\AndroidManifest.xml:17:3-66
MERGED from [com.google.firebase:firebase-analytics:9.8.0] AndroidManifest.xml:22:5-67
MERGED from [com.google.firebase:firebase-analytics-impl:9.8.0] AndroidManifest.xml:22:5-67
MERGED from [com.google.firebase:firebase-iid:9.8.0] AndroidManifest.xml:21:5-67
MERGED from [host.exp.exponent:expoview:25.0.0] AndroidManifest.xml:22:5-68
MERGED from [com.google.android.gms:play-services-analytics:9.8.0] AndroidManifest.xml:24:5-67
MERGED from [com.google.android.gms:play-services-analytics-impl:9.8.0] AndroidManifest.xml:24:5-67
	android:name
		ADDED from src\main\AndroidManifest.xml:17:20-63
uses-permission#android.permission.ACCESS_COARSE_LOCATION
ADDED from src\main\AndroidManifest.xml:21:7-103
REJECTED from [host.exp.exponent:expoview:25.0.0] AndroidManifest.xml:37:5-81
REJECTED from [io.nlopez.smartlocation:library:3.2.11] AndroidManifest.xml:12:5-81
	tools:node
		ADDED from src\main\AndroidManifest.xml:21:81-100
	android:name
		ADDED from src\main\AndroidManifest.xml:21:24-80
uses-permission#android.permission.ACCESS_FINE_LOCATION
ADDED from src\main\AndroidManifest.xml:22:1-95
REJECTED from [host.exp.exponent:expoview:25.0.0] AndroidManifest.xml:38:5-79
REJECTED from [io.nlopez.smartlocation:library:3.2.11] AndroidManifest.xml:14:5-79
	tools:node
		ADDED from src\main\AndroidManifest.xml:22:73-92
	android:name
		ADDED from src\main\AndroidManifest.xml:22:18-72
uses-permission#android.permission.CAMERA
ADDED from src\main\AndroidManifest.xml:23:1-81
REJECTED from [host.exp.exponent:expoview:25.0.0] AndroidManifest.xml:36:5-65
REJECTED from [com.google.android:cameraview:1.0.0] AndroidManifest.xml:23:5-65
	tools:node
		ADDED from src\main\AndroidManifest.xml:23:59-78
	android:name
		ADDED from src\main\AndroidManifest.xml:23:18-58
uses-permission#android.permission.MANAGE_DOCUMENTS
ADDED from src\main\AndroidManifest.xml:24:1-91
REJECTED from [host.exp.exponent:expoview:25.0.0] AndroidManifest.xml:26:5-75
	tools:node
		ADDED from src\main\AndroidManifest.xml:24:69-88
	android:name
		ADDED from src\main\AndroidManifest.xml:24:18-68
uses-permission#android.permission.READ_CONTACTS
ADDED from src\main\AndroidManifest.xml:25:1-88
REJECTED from [host.exp.exponent:expoview:25.0.0] AndroidManifest.xml:31:5-72
	tools:node
		ADDED from src\main\AndroidManifest.xml:25:66-85
	android:name
		ADDED from src\main\AndroidManifest.xml:25:18-65
uses-permission#android.permission.READ_CALENDAR
ADDED from src\main\AndroidManifest.xml:26:1-88
REJECTED from [host.exp.exponent:expoview:25.0.0] AndroidManifest.xml:32:5-72
	tools:node
		ADDED from src\main\AndroidManifest.xml:26:66-85
	android:name
		ADDED from src\main\AndroidManifest.xml:26:18-65
uses-permission#android.permission.WRITE_CALENDAR
ADDED from src\main\AndroidManifest.xml:27:1-89
REJECTED from [host.exp.exponent:expoview:25.0.0] AndroidManifest.xml:33:5-73
	tools:node
		ADDED from src\main\AndroidManifest.xml:27:67-86
	android:name
		ADDED from src\main\AndroidManifest.xml:27:18-66
uses-permission#android.permission.READ_EXTERNAL_STORAGE
ADDED from src\main\AndroidManifest.xml:28:1-96
REJECTED from [host.exp.exponent:expoview:25.0.0] AndroidManifest.xml:34:5-80
	tools:node
		ADDED from src\main\AndroidManifest.xml:28:74-93
	android:name
		ADDED from src\main\AndroidManifest.xml:28:18-73
uses-permission#android.permission.READ_INTERNAL_STORAGE
ADDED from src\main\AndroidManifest.xml:29:1-96
REJECTED from [host.exp.exponent:expoview:25.0.0] AndroidManifest.xml:24:5-80
	tools:node
		ADDED from src\main\AndroidManifest.xml:29:74-93
	android:name
		ADDED from src\main\AndroidManifest.xml:29:18-73
uses-permission#android.permission.READ_PHONE_STATE
ADDED from src\main\AndroidManifest.xml:30:1-91
	tools:node
		ADDED from src\main\AndroidManifest.xml:30:69-88
	android:name
		ADDED from src\main\AndroidManifest.xml:30:18-68
uses-permission#android.permission.RECORD_AUDIO
ADDED from src\main\AndroidManifest.xml:31:1-87
	tools:node
		ADDED from src\main\AndroidManifest.xml:31:65-84
	android:name
		ADDED from src\main\AndroidManifest.xml:31:18-64
uses-permission#android.permission.USE_FINGERPRINT
ADDED from src\main\AndroidManifest.xml:32:1-90
REJECTED from [host.exp.exponent:expoview:25.0.0] AndroidManifest.xml:27:5-74
	tools:node
		ADDED from src\main\AndroidManifest.xml:32:68-87
	android:name
		ADDED from src\main\AndroidManifest.xml:32:18-67
uses-permission#android.permission.VIBRATE
ADDED from src\main\AndroidManifest.xml:33:1-82
	tools:node
		ADDED from src\main\AndroidManifest.xml:33:60-79
	android:name
		ADDED from src\main\AndroidManifest.xml:33:18-59
uses-permission#android.permission.WRITE_EXTERNAL_STORAGE
ADDED from src\main\AndroidManifest.xml:34:1-97
REJECTED from [host.exp.exponent:expoview:25.0.0] AndroidManifest.xml:35:5-81
	tools:node
		ADDED from src\main\AndroidManifest.xml:34:75-94
	android:name
		ADDED from src\main\AndroidManifest.xml:34:18-74
uses-permission#com.anddoes.launcher.permission.UPDATE_COUNT
ADDED from src\main\AndroidManifest.xml:35:1-100
REJECTED from [me.leolin:ShortcutBadger:1.1.4] AndroidManifest.xml:30:5-84
	tools:node
		ADDED from src\main\AndroidManifest.xml:35:78-97
	android:name
		ADDED from src\main\AndroidManifest.xml:35:18-77
uses-permission#com.android.launcher.permission.INSTALL_SHORTCUT
ADDED from src\main\AndroidManifest.xml:36:1-104
REJECTED from [host.exp.exponent:expoview:25.0.0] AndroidManifest.xml:20:5-88
	tools:node
		ADDED from src\main\AndroidManifest.xml:36:82-101
	android:name
		ADDED from src\main\AndroidManifest.xml:36:18-81
uses-permission#com.google.android.gms.permission.ACTIVITY_RECOGNITION
ADDED from src\main\AndroidManifest.xml:37:1-110
REJECTED from [io.nlopez.smartlocation:library:3.2.11] AndroidManifest.xml:16:5-94
	tools:node
		ADDED from src\main\AndroidManifest.xml:37:88-107
	android:name
		ADDED from src\main\AndroidManifest.xml:37:18-87
uses-permission#com.google.android.providers.gsf.permission.READ_GSERVICES
ADDED from src\main\AndroidManifest.xml:38:1-114
REJECTED from [io.nlopez.smartlocation:library:3.2.11] AndroidManifest.xml:15:5-98
	tools:node
		ADDED from src\main\AndroidManifest.xml:38:92-111
	android:name
		ADDED from src\main\AndroidManifest.xml:38:18-91
uses-permission#com.htc.launcher.permission.READ_SETTINGS
ADDED from src\main\AndroidManifest.xml:39:1-97
REJECTED from [me.leolin:ShortcutBadger:1.1.4] AndroidManifest.xml:23:5-81
	tools:node
		ADDED from src\main\AndroidManifest.xml:39:75-94
	android:name
		ADDED from src\main\AndroidManifest.xml:39:18-74
uses-permission#com.htc.launcher.permission.UPDATE_SHORTCUT
ADDED from src\main\AndroidManifest.xml:40:1-99
REJECTED from [me.leolin:ShortcutBadger:1.1.4] AndroidManifest.xml:24:5-83
	tools:node
		ADDED from src\main\AndroidManifest.xml:40:77-96
	android:name
		ADDED from src\main\AndroidManifest.xml:40:18-76
uses-permission#com.majeur.launcher.permission.UPDATE_BADGE
ADDED from src\main\AndroidManifest.xml:41:1-99
REJECTED from [me.leolin:ShortcutBadger:1.1.4] AndroidManifest.xml:33:5-83
	tools:node
		ADDED from src\main\AndroidManifest.xml:41:77-96
	android:name
		ADDED from src\main\AndroidManifest.xml:41:18-76
uses-permission#com.sec.android.provider.badge.permission.READ
ADDED from src\main\AndroidManifest.xml:42:1-102
REJECTED from [me.leolin:ShortcutBadger:1.1.4] AndroidManifest.xml:19:5-86
	tools:node
		ADDED from src\main\AndroidManifest.xml:42:80-99
	android:name
		ADDED from src\main\AndroidManifest.xml:42:18-79
uses-permission#com.sec.android.provider.badge.permission.WRITE
ADDED from src\main\AndroidManifest.xml:43:1-103
REJECTED from [me.leolin:ShortcutBadger:1.1.4] AndroidManifest.xml:20:5-87
	tools:node
		ADDED from src\main\AndroidManifest.xml:43:81-100
	android:name
		ADDED from src\main\AndroidManifest.xml:43:18-80
uses-permission#com.sonyericsson.home.permission.BROADCAST_BADGE
ADDED from src\main\AndroidManifest.xml:44:1-104
REJECTED from [me.leolin:ShortcutBadger:1.1.4] AndroidManifest.xml:27:5-88
	tools:node
		ADDED from src\main\AndroidManifest.xml:44:82-101
	android:name
		ADDED from src\main\AndroidManifest.xml:44:18-81
uses-feature#0x00030000
ADDED from src\main\AndroidManifest.xml:49:3-77
	android:glEsVersion
		ADDED from src\main\AndroidManifest.xml:49:17-49
	android:required
		ADDED from src\main\AndroidManifest.xml:49:50-74
application
ADDED from src\main\AndroidManifest.xml:51:3-267:17
MERGED from [com.google.firebase:firebase-core:9.8.0] AndroidManifest.xml:5:5-20
MERGED from [com.google.firebase:firebase-auth:9.8.0] AndroidManifest.xml:19:5-20:19
MERGED from [com.google.firebase:firebase-auth-common:9.8.0] AndroidManifest.xml:19:5-20:19
MERGED from [com.google.firebase:firebase-messaging:9.8.0] AndroidManifest.xml:19:5-29:19
MERGED from [com.google.firebase:firebase-crash:9.8.0] AndroidManifest.xml:22:5-23:19
MERGED from [com.google.firebase:firebase-invites:9.8.0] AndroidManifest.xml:5:5-20
MERGED from [com.google.android.gms:play-services-appinvite:9.8.0] AndroidManifest.xml:19:5-26:19
MERGED from [com.google.firebase:firebase-analytics:9.8.0] AndroidManifest.xml:24:5-33:19
MERGED from [com.google.firebase:firebase-analytics-impl:9.8.0] AndroidManifest.xml:24:5-28:19
MERGED from [com.google.firebase:firebase-config:9.8.0] AndroidManifest.xml:18:5-19
MERGED from [com.google.firebase:firebase-iid:9.8.0] AndroidManifest.xml:28:5-50:19
MERGED from [com.google.firebase:firebase-common:9.8.0] AndroidManifest.xml:4:5-7:19
MERGED from [host.exp.exponent:expoview:25.0.0] AndroidManifest.xml:68:5-84:19
MERGED from [com.facebook.react:react-native:25.0.0] AndroidManifest.xml:13:5-20
MERGED from [host.exp:reactandroid-abi25_0_0:1.0.0] AndroidManifest.xml:13:5-20
MERGED from [host.exp:reactandroid-abi24_0_0:1.0.0] AndroidManifest.xml:13:5-20
MERGED from [host.exp:reactandroid-abi23:1.0.0] AndroidManifest.xml:13:5-20
MERGED from [host.exp:reactandroid-abi22:1.0.0] AndroidManifest.xml:13:5-20
MERGED from [host.exp:reactandroid-abi21:1.0.0] AndroidManifest.xml:13:5-20
MERGED from [host.exp:reactandroid-abi20:1.0.0] AndroidManifest.xml:13:5-20
MERGED from [host.exp:reactandroid-abi19:1.0.0] AndroidManifest.xml:13:5-20
MERGED from [com.facebook.soloader:soloader:0.1.0] AndroidManifest.xml:3:3-17
MERGED from [org.webkit:android-jsc:r174650] AndroidManifest.xml:2:3-17
MERGED from [com.crashlytics.sdk.android:crashlytics:2.5.5] AndroidManifest.xml:11:5-20
MERGED from [com.crashlytics.sdk.android:crashlytics-core:2.3.8] AndroidManifest.xml:11:5-20
MERGED from [com.crashlytics.sdk.android:answers:1.3.6] AndroidManifest.xml:11:5-20
MERGED from [io.fabric.sdk.android:fabric:1.3.10] AndroidManifest.xml:27:5-20
MERGED from [com.crashlytics.sdk.android:beta:1.1.4] AndroidManifest.xml:11:5-20
MERGED from [com.facebook.android:facebook-android-sdk:4.28.0] AndroidManifest.xml:28:5-29:19
MERGED from [com.facebook.android:facebook-login:4.28.0] AndroidManifest.xml:28:5-29:19
MERGED from [com.facebook.android:facebook-share:4.28.0] AndroidManifest.xml:28:5-29:19
MERGED from [com.facebook.android:facebook-common:4.28.0] AndroidManifest.xml:28:5-34:19
MERGED from [com.android.support:cardview-v7:26.0.1] AndroidManifest.xml:22:5-26:19
MERGED from [com.facebook.android:facebook-places:4.28.0] AndroidManifest.xml:28:5-29:19
MERGED from [com.facebook.android:facebook-applinks:4.28.0] AndroidManifest.xml:28:5-29:19
MERGED from [com.facebook.android:facebook-messenger:4.28.0] AndroidManifest.xml:28:5-29:19
MERGED from [com.facebook.android:facebook-core:4.28.0] AndroidManifest.xml:28:5-43:19
MERGED from [com.facebook.android:audience-network-sdk:4.26.1] AndroidManifest.xml:14:5-18:19
MERGED from [com.android.support:recyclerview-v7:26.0.1] AndroidManifest.xml:22:5-26:19
MERGED from [com.google.android.gms:play-services-gcm:9.8.0] AndroidManifest.xml:23:5-19
MERGED from [com.google.android.gms:play-services-iid:9.8.0] AndroidManifest.xml:23:5-19
MERGED from [com.google.android.gms:play-services-analytics:9.8.0] AndroidManifest.xml:26:5-19
MERGED from [com.google.android.gms:play-services-analytics-impl:9.8.0] AndroidManifest.xml:26:5-19
MERGED from [com.google.android.gms:play-services-auth:9.8.0] AndroidManifest.xml:19:5-25:19
MERGED from [com.google.android.gms:play-services-ads-lite:9.8.0] AndroidManifest.xml:23:5-27:19
MERGED from [com.google.android.gms:play-services-clearcut:9.8.0] AndroidManifest.xml:18:5-19
MERGED from [com.google.android.gms:play-services-gass:9.8.0] AndroidManifest.xml:4:5-19
MERGED from [com.google.android.gms:play-services-fitness:9.8.0] AndroidManifest.xml:18:5-19
MERGED from [com.google.android.gms:play-services-location:9.8.0] AndroidManifest.xml:4:5-19
MERGED from [com.google.android.gms:play-services-vision:9.8.0] AndroidManifest.xml:4:5-19
MERGED from [com.google.android.gms:play-services-identity:9.8.0] AndroidManifest.xml:18:5-19
MERGED from [com.google.android.gms:play-services-maps:9.8.0] AndroidManifest.xml:24:5-19
MERGED from [com.google.android.gms:play-services-base:9.8.0] AndroidManifest.xml:18:5-20:19
MERGED from [com.google.android.gms:play-services-tasks:9.8.0] AndroidManifest.xml:4:5-19
MERGED from [com.google.android.gms:play-services-basement:9.8.0] AndroidManifest.xml:19:5-21:19
MERGED from [com.raizlabs.android:DBFlow:2.2.1] AndroidManifest.xml:11:5-20
MERGED from [net.openid:appauth:0.4.1] AndroidManifest.xml:26:5-44:19
MERGED from [com.android.support:customtabs:26.0.1] AndroidManifest.xml:22:5-26:19
MERGED from [com.airbnb.android:lottie:2.2.0] AndroidManifest.xml:10:5-20
MERGED from [com.crashlytics.sdk.android:answers-shim:0.0.6] AndroidManifest.xml:11:5-20
MERGED from [io.nlopez.smartlocation:library:3.2.11] AndroidManifest.xml:18:5-28:19
MERGED from [com.android.support:exifinterface:26.0.1] AndroidManifest.xml:22:5-26:19
MERGED from [com.google.android:cameraview:1.0.0] AndroidManifest.xml:32:5-20
MERGED from [com.android.support:appcompat-v7:26.0.1] AndroidManifest.xml:25:5-29:19
MERGED from [com.android.support:support-v4:26.0.1] AndroidManifest.xml:25:5-29:19
MERGED from [com.android.support:support-media-compat:26.0.1] AndroidManifest.xml:25:5-29:19
MERGED from [com.android.support:support-fragment:26.0.1] AndroidManifest.xml:25:5-29:19
MERGED from [com.android.support:support-core-utils:26.0.1] AndroidManifest.xml:25:5-29:19
MERGED from [com.android.support:animated-vector-drawable:26.0.1] AndroidManifest.xml:22:5-26:19
MERGED from [com.android.support:support-vector-drawable:26.0.1] AndroidManifest.xml:22:5-26:19
MERGED from [com.android.support:support-core-ui:26.0.1] AndroidManifest.xml:25:5-29:19
MERGED from [com.android.support:support-compat:26.0.1] AndroidManifest.xml:25:5-29:19
	android:label
		ADDED from src\main\AndroidManifest.xml:55:5-37
	android:supportsRtl
		ADDED from [com.facebook.android:facebook-android-sdk:4.28.0] AndroidManifest.xml:28:18-44
	android:allowBackup
		ADDED from src\main\AndroidManifest.xml:53:5-31
	android:icon
		ADDED from src\main\AndroidManifest.xml:54:5-39
	android:largeHeap
		ADDED from src\main\AndroidManifest.xml:56:5-29
	android:name
		ADDED from src\main\AndroidManifest.xml:52:5-36
activity#host.exp.exponent.LauncherActivity
ADDED from src\main\AndroidManifest.xml:58:5-72:16
	android:screenOrientation
		ADDED from src\main\AndroidManifest.xml:62:7-43
	android:launchMode
		ADDED from src\main\AndroidManifest.xml:61:7-38
	android:exported
		ADDED from src\main\AndroidManifest.xml:60:7-30
	android:theme
		ADDED from src\main\AndroidManifest.xml:63:7-66
	android:name
		ADDED from src\main\AndroidManifest.xml:59:7-39
intent-filter#android.intent.action.VIEW+android.intent.category.BROWSABLE+android.intent.category.DEFAULT
ADDED from src\main\AndroidManifest.xml:64:7-71:23
data
ADDED from src\main\AndroidManifest.xml:65:9-69
	android:scheme
		ADDED from src\main\AndroidManifest.xml:65:15-67
action#android.intent.action.VIEW
ADDED from src\main\AndroidManifest.xml:67:9-60
	android:name
		ADDED from src\main\AndroidManifest.xml:67:17-58
category#android.intent.category.DEFAULT
ADDED from src\main\AndroidManifest.xml:69:9-67
	android:name
		ADDED from src\main\AndroidManifest.xml:69:19-65
category#android.intent.category.BROWSABLE
ADDED from src\main\AndroidManifest.xml:70:9-69
	android:name
		ADDED from src\main\AndroidManifest.xml:70:19-67
activity#host.exp.exponent.experience.ExperienceActivity
ADDED from src\main\AndroidManifest.xml:74:5-79:16
	android:windowSoftInputMode
		ADDED from src\main\AndroidManifest.xml:78:7-49
	android:configChanges
		ADDED from src\main\AndroidManifest.xml:76:7-77
	android:theme
		ADDED from src\main\AndroidManifest.xml:77:7-50
	android:name
		ADDED from src\main\AndroidManifest.xml:75:7-52
activity#host.exp.exponent.MainActivity
ADDED from src\main\AndroidManifest.xml:81:5-91:16
	android:windowSoftInputMode
		ADDED from src\main\AndroidManifest.xml:85:7-49
	android:configChanges
		ADDED from src\main\AndroidManifest.xml:83:7-77
	android:theme
		ADDED from src\main\AndroidManifest.xml:84:7-51
	android:name
		ADDED from src\main\AndroidManifest.xml:82:7-35
intent-filter#android.intent.action.MAIN+android.intent.category.LAUNCHER
ADDED from src\main\AndroidManifest.xml:86:7-90:23
action#android.intent.action.MAIN
ADDED from src\main\AndroidManifest.xml:87:9-60
	android:name
		ADDED from src\main\AndroidManifest.xml:87:17-58
category#android.intent.category.LAUNCHER
ADDED from src\main\AndroidManifest.xml:89:9-68
	android:name
		ADDED from src\main\AndroidManifest.xml:89:19-66
activity#host.exp.exponent.experience.ShellAppActivity
ADDED from src\main\AndroidManifest.xml:93:5-99:16
	android:windowSoftInputMode
		ADDED from src\main\AndroidManifest.xml:97:7-49
	android:configChanges
		ADDED from src\main\AndroidManifest.xml:95:7-77
	android:theme
		ADDED from src\main\AndroidManifest.xml:96:7-51
	android:name
		ADDED from src\main\AndroidManifest.xml:94:7-50
activity#host.exp.exponent.experience.HomeActivity
ADDED from src\main\AndroidManifest.xml:101:5-107:16
	android:screenOrientation
		ADDED from src\main\AndroidManifest.xml:105:7-43
	android:label
		ADDED from src\main\AndroidManifest.xml:103:7-39
	android:launchMode
		ADDED from src\main\AndroidManifest.xml:104:7-38
	android:theme
		ADDED from src\main\AndroidManifest.xml:106:7-50
	android:name
		ADDED from src\main\AndroidManifest.xml:102:7-46
activity#com.facebook.react.devsupport.DevSettingsActivity
ADDED from src\main\AndroidManifest.xml:109:5-81
	android:name
		ADDED from src\main\AndroidManifest.xml:109:15-79
activity#abi25_0_0.com.facebook.react.devsupport.DevSettingsActivity
ADDED from src\main\AndroidManifest.xml:111:5-91
	android:name
		ADDED from src\main\AndroidManifest.xml:111:15-89
activity#abi24_0_0.com.facebook.react.devsupport.DevSettingsActivity
ADDED from src\main\AndroidManifest.xml:112:5-91
	android:name
		ADDED from src\main\AndroidManifest.xml:112:15-89
activity#abi23_0_0.com.facebook.react.devsupport.DevSettingsActivity
ADDED from src\main\AndroidManifest.xml:113:5-91
	android:name
		ADDED from src\main\AndroidManifest.xml:113:15-89
activity#abi22_0_0.com.facebook.react.devsupport.DevSettingsActivity
ADDED from src\main\AndroidManifest.xml:114:5-91
	android:name
		ADDED from src\main\AndroidManifest.xml:114:15-89
activity#abi21_0_0.com.facebook.react.devsupport.DevSettingsActivity
ADDED from src\main\AndroidManifest.xml:115:5-91
	android:name
		ADDED from src\main\AndroidManifest.xml:115:15-89
activity#abi20_0_0.com.facebook.react.devsupport.DevSettingsActivity
ADDED from src\main\AndroidManifest.xml:116:5-91
	android:name
		ADDED from src\main\AndroidManifest.xml:116:15-89
activity#abi19_0_0.com.facebook.react.devsupport.DevSettingsActivity
ADDED from src\main\AndroidManifest.xml:117:5-91
	android:name
		ADDED from src\main\AndroidManifest.xml:117:15-89
activity#host.exp.exponent.ExponentDevActivity
ADDED from src\main\AndroidManifest.xml:119:5-126:16
	android:screenOrientation
		ADDED from src\main\AndroidManifest.xml:123:7-43
	android:label
		ADDED from src\main\AndroidManifest.xml:122:7-48
	android:exported
		ADDED from src\main\AndroidManifest.xml:121:7-30
	android:windowSoftInputMode
		ADDED from src\main\AndroidManifest.xml:125:7-46
	android:theme
		ADDED from src\main\AndroidManifest.xml:124:7-49
	android:name
		ADDED from src\main\AndroidManifest.xml:120:7-42
activity#host.exp.exponent.oauth.OAuthWebViewActivity
ADDED from src\main\AndroidManifest.xml:128:5-132:16
	android:screenOrientation
		ADDED from src\main\AndroidManifest.xml:130:7-43
	android:theme
		ADDED from src\main\AndroidManifest.xml:131:7-50
	android:name
		ADDED from src\main\AndroidManifest.xml:129:7-49
activity#net.openid.appauth.RedirectUriReceiverActivity
ADDED from src\main\AndroidManifest.xml:134:5-143:16
REJECTED from [net.openid:appauth:0.4.1] AndroidManifest.xml:32:9-43:20
	tools:node
		ADDED from src\main\AndroidManifest.xml:136:9-29
	android:name
		ADDED from src\main\AndroidManifest.xml:135:9-70
activity#host.exp.exponent.oauth.OAuthResultActivity
ADDED from src\main\AndroidManifest.xml:145:5-147:16
	android:name
		ADDED from src\main\AndroidManifest.xml:146:7-48
activity#host.exp.exponent.chrometabs.ChromeTabsManagerActivity
ADDED from src\main\AndroidManifest.xml:149:5-151:16
	android:name
		ADDED from src\main\AndroidManifest.xml:150:7-59
activity#host.exp.exponent.experience.ErrorActivity
ADDED from src\main\AndroidManifest.xml:153:5-157:16
	android:screenOrientation
		ADDED from src\main\AndroidManifest.xml:156:7-43
	android:theme
		ADDED from src\main\AndroidManifest.xml:155:7-49
	android:name
		ADDED from src\main\AndroidManifest.xml:154:7-47
activity#host.exp.exponent.experience.InfoActivity
ADDED from src\main\AndroidManifest.xml:159:5-163:16
	android:screenOrientation
		ADDED from src\main\AndroidManifest.xml:161:7-43
	android:theme
		ADDED from src\main\AndroidManifest.xml:162:7-50
	android:name
		ADDED from src\main\AndroidManifest.xml:160:7-46
activity#com.facebook.FacebookActivity
ADDED from src\main\AndroidManifest.xml:165:5-170:39
MERGED from [com.facebook.android:facebook-common:4.28.0] AndroidManifest.xml:29:9-32:66
	android:label
		ADDED from src\main\AndroidManifest.xml:168:7-39
	android:configChanges
		ADDED from src\main\AndroidManifest.xml:167:7-90
	android:theme
		ADDED from src\main\AndroidManifest.xml:169:7-66
		REJECTED from [com.facebook.android:facebook-common:4.28.0] AndroidManifest.xml:32:13-63
	tools:replace
		ADDED from src\main\AndroidManifest.xml:170:7-36
	android:name
		ADDED from src\main\AndroidManifest.xml:166:7-51
activity#com.facebook.ads.InterstitialAdActivity
ADDED from src\main\AndroidManifest.xml:172:5-176:69
	android:label
		ADDED from src\main\AndroidManifest.xml:175:7-39
	android:configChanges
		ADDED from src\main\AndroidManifest.xml:174:7-90
	android:theme
		ADDED from src\main\AndroidManifest.xml:176:7-66
	android:name
		ADDED from src\main\AndroidManifest.xml:173:7-61
service#host.exp.exponent.ExponentIntentService
ADDED from src\main\AndroidManifest.xml:178:5-180:34
	android:exported
		ADDED from src\main\AndroidManifest.xml:180:7-31
	android:name
		ADDED from src\main\AndroidManifest.xml:179:7-44
receiver#host.exp.exponent.referrer.InstallReferrerReceiver
ADDED from src\main\AndroidManifest.xml:183:5-189:16
	android:exported
		ADDED from src\main\AndroidManifest.xml:185:7-30
	android:name
		ADDED from src\main\AndroidManifest.xml:184:7-72
intent-filter#com.android.vending.INSTALL_REFERRER
ADDED from src\main\AndroidManifest.xml:186:7-188:23
action#com.android.vending.INSTALL_REFERRER
ADDED from src\main\AndroidManifest.xml:187:9-71
	android:name
		ADDED from src\main\AndroidManifest.xml:187:17-68
receiver#com.google.android.gms.analytics.AnalyticsReceiver
ADDED from src\main\AndroidManifest.xml:199:5-204:16
	android:enabled
		ADDED from src\main\AndroidManifest.xml:200:15-37
	android:name
		ADDED from src\main\AndroidManifest.xml:199:15-80
intent-filter#com.google.android.gms.analytics.ANALYTICS_DISPATCH
ADDED from src\main\AndroidManifest.xml:201:7-203:23
action#com.google.android.gms.analytics.ANALYTICS_DISPATCH
ADDED from src\main\AndroidManifest.xml:202:9-86
	android:name
		ADDED from src\main\AndroidManifest.xml:202:17-83
service#com.google.android.gms.analytics.AnalyticsService
ADDED from src\main\AndroidManifest.xml:206:5-208:40
	android:enabled
		ADDED from src\main\AndroidManifest.xml:207:14-36
	android:exported
		ADDED from src\main\AndroidManifest.xml:208:14-38
	android:name
		ADDED from src\main\AndroidManifest.xml:206:14-78
receiver#com.google.android.gms.gcm.GcmReceiver